e:\projetos\lolbuff\worker\debug\vc120.pdb
e:\projetos\lolbuff\worker\debug\vc120.idb
e:\projetos\lolbuff\worker\debug\amf0.obj
e:\projetos\lolbuff\worker\debug\amf3.obj
e:\projetos\lolbuff\worker\debug\client.obj
e:\projetos\lolbuff\worker\debug\hashfunctions.obj
e:\projetos\lolbuff\worker\debug\main.obj
e:\projetos\lolbuff\worker\debug\memorystream.obj
e:\projetos\lolbuff\worker\debug\message.obj
e:\projetos\lolbuff\worker\debug\base64.obj
e:\projetos\lolbuff\worker\debug\minini.obj
e:\projetos\lolbuff\debug\worker.ilk
e:\projetos\lolbuff\debug\worker.exe
e:\projetos\lolbuff\debug\worker.pdb
e:\projetos\lolbuff\worker\debug\worker.tlog\cl.command.1.tlog
e:\projetos\lolbuff\worker\debug\worker.tlog\cl.read.1.tlog
e:\projetos\lolbuff\worker\debug\worker.tlog\cl.write.1.tlog
e:\projetos\lolbuff\worker\debug\worker.tlog\link.command.1.tlog
e:\projetos\lolbuff\worker\debug\worker.tlog\link.read.1.tlog
e:\projetos\lolbuff\worker\debug\worker.tlog\link.write.1.tlog
