Build started 30/11/2014 20:20:29.
     1>Project "E:\Projetos\lolbuff\Server\Server.vcxproj" on node 2 (Rebuild target(s)).
     1>ClCompile:
         C:\Program Files (x86)\Microsoft Visual Studio 12.0\VC\bin\CL.exe /c /ZI /nologo /W3 /WX- /Od /Oy- /D _WIN32_WINNT=0x0501 /D _CRT_SECURE_NO_WARNINGS /D _MBCS /D _MBCS /Gm /EHsc /RTC1 /MDd /GS /fp:precise /Zc:wchar_t /Zc:forScope /Fo"Debug\\" /Fd"Debug\vc120.pdb" /Gd /TP /analyze- /errorReport:prompt Source\connection.cpp Source\main.cpp Source\request.cpp Source\APIserver.cpp Source\Task.cpp Source\taskHolder.cpp Source\worker.cpp Source\workers.cpp Source\workerServer.cpp
         workerServer.cpp
         workers.cpp
         worker.cpp
         taskHolder.cpp
         Task.cpp
         APIserver.cpp
         request.cpp
         main.cpp
         connection.cpp
         Generating Code...
       Link:
         C:\Program Files (x86)\Microsoft Visual Studio 12.0\VC\bin\link.exe /ERRORREPORT:PROMPT /OUT:"E:\Projetos\lolbuff\Debug\Server.exe" /INCREMENTAL /NOLOGO pthreadVC2.lib ws2_32.lib kernel32.lib user32.lib gdi32.lib winspool.lib comdlg32.lib advapi32.lib shell32.lib ole32.lib oleaut32.lib uuid.lib odbc32.lib odbccp32.lib /NODEFAULTLIB:libcmt.lib /MANIFEST /MANIFESTUAC:"level='asInvoker' uiAccess='false'" /manifest:embed /DEBUG /PDB:"E:\Projetos\lolbuff\Debug\Server.pdb" /TLBID:1 /DYNAMICBASE /NXCOMPAT /IMPLIB:"E:\Projetos\lolbuff\Debug\Server.lib" /MACHINE:X86 Debug\connection.obj
         Debug\main.obj
         Debug\request.obj
         Debug\APIserver.obj
         Debug\Task.obj
         Debug\taskHolder.obj
         Debug\worker.obj
         Debug\workers.obj
         Debug\workerServer.obj
         Server.vcxproj -> E:\Projetos\lolbuff\Debug\Server.exe
     1>Done Building Project "E:\Projetos\lolbuff\Server\Server.vcxproj" (Rebuild target(s)).

Build succeeded.

Time Elapsed 00:00:14.30
