e:\projetos\tcc\server\debug\vc120.pdb
e:\projetos\tcc\server\debug\vc120.idb
e:\projetos\tcc\server\debug\connection.obj
e:\projetos\tcc\server\debug\main.obj
e:\projetos\tcc\server\debug\request.obj
e:\projetos\tcc\server\debug\apiserver.obj
e:\projetos\tcc\server\debug\task.obj
e:\projetos\tcc\server\debug\taskholder.obj
e:\projetos\tcc\server\debug\worker.obj
e:\projetos\tcc\server\debug\workers.obj
e:\projetos\tcc\server\debug\workerserver.obj
e:\projetos\lolbuff\server\debug\vc120.pdb
e:\projetos\lolbuff\server\debug\vc120.idb
e:\projetos\lolbuff\server\debug\connection.obj
e:\projetos\lolbuff\server\debug\main.obj
e:\projetos\lolbuff\server\debug\request.obj
e:\projetos\lolbuff\server\debug\apiserver.obj
e:\projetos\lolbuff\server\debug\task.obj
e:\projetos\lolbuff\server\debug\taskholder.obj
e:\projetos\lolbuff\server\debug\worker.obj
e:\projetos\lolbuff\server\debug\workers.obj
e:\projetos\lolbuff\server\debug\workerserver.obj
e:\projetos\tcc\debug\server.ilk
e:\projetos\tcc\debug\server.exe
e:\projetos\tcc\debug\server.pdb
e:\projetos\lolbuff\debug\server.ilk
e:\projetos\lolbuff\debug\server.exe
e:\projetos\lolbuff\debug\server.pdb
e:\projetos\lolbuff\server\debug\server.tlog\cl.command.1.tlog
e:\projetos\lolbuff\server\debug\server.tlog\cl.read.1.tlog
e:\projetos\lolbuff\server\debug\server.tlog\cl.write.1.tlog
e:\projetos\lolbuff\server\debug\server.tlog\link.command.1.tlog
e:\projetos\lolbuff\server\debug\server.tlog\link.read.1.tlog
e:\projetos\lolbuff\server\debug\server.tlog\link.write.1.tlog
