E:\PROJETOS\LOLBUFF\WORKER\RELEASE\MESSAGE.OBJ
E:\PROJETOS\LOLBUFF\WORKER\RELEASE\MEMORYSTREAM.OBJ
E:\PROJETOS\LOLBUFF\WORKER\RELEASE\MAIN.OBJ
E:\PROJETOS\LOLBUFF\WORKER\RELEASE\HASHFUNCTIONS.OBJ
E:\PROJETOS\LOLBUFF\WORKER\RELEASE\CLIENT.OBJ
E:\PROJETOS\LOLBUFF\WORKER\RELEASE\AMF3.OBJ
E:\PROJETOS\LOLBUFF\WORKER\RELEASE\AMF0.OBJ
E:\PROJETOS\LOLBUFF\WORKER\RELEASE\VC110.PDB
E:\PROJETOS\LOLBUFF\WORKER\RELEASE\MININI.OBJ
E:\PROJETOS\LOLBUFF\WORKER\RELEASE\BASE64.OBJ
E:\PROJETOS\LOLBUFF\RELEASE\WORKER.EXE
E:\PROJETOS\LOLBUFF\RELEASE\WORKER.PDB
E:\Projetos\lolbuff\Worker\Release\amf0.obj
E:\Projetos\lolbuff\Worker\Release\amf3.obj
E:\Projetos\lolbuff\Worker\Release\base64.obj
E:\Projetos\lolbuff\Worker\Release\client.obj
E:\Projetos\lolbuff\Worker\Release\hashfunctions.obj
E:\Projetos\lolbuff\Worker\Release\main.obj
E:\Projetos\lolbuff\Worker\Release\memorystream.obj
E:\Projetos\lolbuff\Worker\Release\message.obj
E:\Projetos\lolbuff\Worker\Release\minIni.obj
E:\Projetos\lolbuff\Worker\Release\cl.command.1.tlog
E:\Projetos\lolbuff\Worker\Release\CL.read.1.tlog
E:\Projetos\lolbuff\Worker\Release\CL.write.1.tlog
E:\Projetos\lolbuff\Worker\Release\link-cvtres.read.1.tlog
E:\Projetos\lolbuff\Worker\Release\link-cvtres.write.1.tlog
E:\Projetos\lolbuff\Worker\Release\link-rc.read.1.tlog
E:\Projetos\lolbuff\Worker\Release\link-rc.write.1.tlog
E:\Projetos\lolbuff\Worker\Release\link.command.1.tlog
E:\Projetos\lolbuff\Worker\Release\link.read.1.tlog
E:\Projetos\lolbuff\Worker\Release\link.write.1.tlog
E:\Projetos\lolbuff\Worker\Release\vc110.pdb
E:\Projetos\lolbuff\Release\Worker.pdb
E:\Projetos\lolbuff\Release\Worker.exe
